<?xml version="1.0" encoding="UTF-8"?>
<!-- Generated by org.testng.reporters.JUnitReportReporter -->
<testsuite skipped="0" hostname="vdiw10share0192" name="selenium.FirstTestNg" tests="1" failures="0" timestamp="2021-07-23T18:42:44 JST" time="7.963" errors="0">
  <testcase name="verifyHomepageTitle" time="7.963" classname="selenium.FirstTestNg"/>
  <system-out/>
</testsuite> <!-- selenium.FirstTestNg -->
